Performing C++ SOURCE FILE Test HAVE_GCC_ATOMIC failed with the following output:
Change Dir: C:/Users/aa/Documents/Max 8/Packages/ears/source/lib/taglib-1.12-win/build/CMakeFiles/CMakeTmp

Run Build Command(s):C:/Program Files/Microsoft Visual Studio/2022/Community/MSBuild/Current/Bin/amd64/MSBuild.exe cmTC_ec217.vcxproj /p:Configuration=Debug /p:Platform=x64 /p:VisualStudioVersion=17.0 /v:m && Microsoft (R) Build Engine version 17.1.0+ae57d105c for .NET Framework
Copyright (C) Microsoft Corporation. All rights reserved.

  Microsoft (R) C/C++ Optimizing Compiler Version 19.31.31104 for x64
  src.cxx
C:\Users\aa\Documents\Max 8\Packages\ears\source\lib\taglib-1.12-win\build\CMakeFiles\CMakeTmp\src.cxx(4,7): error C3861: '__sync_add_and_fetch': identifier not found [C:\Users\aa\Documents\Max 8\Packages\ears\source\lib\taglib-1.12-win\build\CMakeFiles\CMakeTmp\cmTC_ec217.vcxproj]
C:\Users\aa\Documents\Max 8\Packages\ears\source\lib\taglib-1.12-win\build\CMakeFiles\CMakeTmp\src.cxx(5,15): error C3861: '__sync_sub_and_fetch': identifier not found [C:\Users\aa\Documents\Max 8\Packages\ears\source\lib\taglib-1.12-win\build\CMakeFiles\CMakeTmp\cmTC_ec217.vcxproj]
  Copyright (C) Microsoft Corporation.  All rights reserved.
  cl /c /Zi /W3 /WX- /diagnostics:column /Od /Ob0 /D _MBCS /D WIN32 /D _WINDOWS /D HAVE_GCC_ATOMIC /D "CMAKE_INTDIR=\"Debug\"" /Gm- /EHsc /RTC1 /MDd /GS /fp:precise /Zc:wchar_t /Zc:forScope /Zc:inline /GR /Fo"cmTC_ec217.dir\Debug\\" /Fd"cmTC_ec217.dir\Debug\vc143.pdb" /external:W3 /Gd /TP /errorReport:queue "C:\Users\aa\Documents\Max 8\Packages\ears\source\lib\taglib-1.12-win\build\CMakeFiles\CMakeTmp\src.cxx"


Source file was:

    int main() {
      volatile int x;
      __sync_add_and_fetch(&x, 1);
      int y = __sync_sub_and_fetch(&x, 1);
      return 0;
    }
  
Performing C++ SOURCE FILE Test HAVE_MAC_ATOMIC failed with the following output:
Change Dir: C:/Users/aa/Documents/Max 8/Packages/ears/source/lib/taglib-1.12-win/build/CMakeFiles/CMakeTmp

Run Build Command(s):C:/Program Files/Microsoft Visual Studio/2022/Community/MSBuild/Current/Bin/amd64/MSBuild.exe cmTC_15e2f.vcxproj /p:Configuration=Debug /p:Platform=x64 /p:VisualStudioVersion=17.0 /v:m && Microsoft (R) Build Engine version 17.1.0+ae57d105c for .NET Framework
Copyright (C) Microsoft Corporation. All rights reserved.

  Microsoft (R) C/C++ Optimizing Compiler Version 19.31.31104 for x64
  src.cxx
C:\Users\aa\Documents\Max 8\Packages\ears\source\lib\taglib-1.12-win\build\CMakeFiles\CMakeTmp\src.cxx(2,16): fatal error C1083: Cannot open include file: 'libkern/OSAtomic.h': No such file or directory [C:\Users\aa\Documents\Max 8\Packages\ears\source\lib\taglib-1.12-win\build\CMakeFiles\CMakeTmp\cmTC_15e2f.vcxproj]
  Copyright (C) Microsoft Corporation.  All rights reserved.
  cl /c /Zi /W3 /WX- /diagnostics:column /Od /Ob0 /D _MBCS /D WIN32 /D _WINDOWS /D HAVE_MAC_ATOMIC /D "CMAKE_INTDIR=\"Debug\"" /Gm- /EHsc /RTC1 /MDd /GS /fp:precise /Zc:wchar_t /Zc:forScope /Zc:inline /GR /Fo"cmTC_15e2f.dir\Debug\\" /Fd"cmTC_15e2f.dir\Debug\vc143.pdb" /external:W3 /Gd /TP /errorReport:queue "C:\Users\aa\Documents\Max 8\Packages\ears\source\lib\taglib-1.12-win\build\CMakeFiles\CMakeTmp\src.cxx"


Source file was:

      #include <libkern/OSAtomic.h>
      int main() {
        volatile int32_t x;
        OSAtomicIncrement32Barrier(&x);
        int32_t y = OSAtomicDecrement32Barrier(&x);
        return 0;
      }
    
Performing C++ SOURCE FILE Test HAVE_GCC_BYTESWAP failed with the following output:
Change Dir: C:/Users/aa/Documents/Max 8/Packages/ears/source/lib/taglib-1.12-win/build/CMakeFiles/CMakeTmp

Run Build Command(s):C:/Program Files/Microsoft Visual Studio/2022/Community/MSBuild/Current/Bin/amd64/MSBuild.exe cmTC_6d19b.vcxproj /p:Configuration=Debug /p:Platform=x64 /p:VisualStudioVersion=17.0 /v:m && Microsoft (R) Build Engine version 17.1.0+ae57d105c for .NET Framework
Copyright (C) Microsoft Corporation. All rights reserved.

  Microsoft (R) C/C++ Optimizing Compiler Version 19.31.31104 for x64
  src.cxx
C:\Users\aa\Documents\Max 8\Packages\ears\source\lib\taglib-1.12-win\build\CMakeFiles\CMakeTmp\src.cxx(3,5): error C3861: '__builtin_bswap16': identifier not found [C:\Users\aa\Documents\Max 8\Packages\ears\source\lib\taglib-1.12-win\build\CMakeFiles\CMakeTmp\cmTC_6d19b.vcxproj]
C:\Users\aa\Documents\Max 8\Packages\ears\source\lib\taglib-1.12-win\build\CMakeFiles\CMakeTmp\src.cxx(4,5): error C3861: '__builtin_bswap32': identifier not found [C:\Users\aa\Documents\Max 8\Packages\ears\source\lib\taglib-1.12-win\build\CMakeFiles\CMakeTmp\cmTC_6d19b.vcxproj]
C:\Users\aa\Documents\Max 8\Packages\ears\source\lib\taglib-1.12-win\build\CMakeFiles\CMakeTmp\src.cxx(5,5): error C3861: '__builtin_bswap64': identifier not found [C:\Users\aa\Documents\Max 8\Packages\ears\source\lib\taglib-1.12-win\build\CMakeFiles\CMakeTmp\cmTC_6d19b.vcxproj]
  Copyright (C) Microsoft Corporation.  All rights reserved.
  cl /c /Zi /W3 /WX- /diagnostics:column /Od /Ob0 /D _MBCS /D WIN32 /D _WINDOWS /D HAVE_GCC_BYTESWAP /D "CMAKE_INTDIR=\"Debug\"" /Gm- /EHsc /RTC1 /MDd /GS /fp:precise /Zc:wchar_t /Zc:forScope /Zc:inline /GR /Fo"cmTC_6d19b.dir\Debug\\" /Fd"cmTC_6d19b.dir\Debug\vc143.pdb" /external:W3 /Gd /TP /errorReport:queue "C:\Users\aa\Documents\Max 8\Packages\ears\source\lib\taglib-1.12-win\build\CMakeFiles\CMakeTmp\src.cxx"


Source file was:

  int main() {
    __builtin_bswap16(0);
    __builtin_bswap32(0);
    __builtin_bswap64(0);
    return 0;
  }

Performing C++ SOURCE FILE Test HAVE_GLIBC_BYTESWAP failed with the following output:
Change Dir: C:/Users/aa/Documents/Max 8/Packages/ears/source/lib/taglib-1.12-win/build/CMakeFiles/CMakeTmp

Run Build Command(s):C:/Program Files/Microsoft Visual Studio/2022/Community/MSBuild/Current/Bin/amd64/MSBuild.exe cmTC_52de0.vcxproj /p:Configuration=Debug /p:Platform=x64 /p:VisualStudioVersion=17.0 /v:m && Microsoft (R) Build Engine version 17.1.0+ae57d105c for .NET Framework
Copyright (C) Microsoft Corporation. All rights reserved.

  Microsoft (R) C/C++ Optimizing Compiler Version 19.31.31104 for x64
  src.cxx
  Copyright (C) Microsoft Corporation.  All rights reserved.
  cl /c /Zi /W3 /WX- /diagnostics:column /Od /Ob0 /D _MBCS /D WIN32 /D _WINDOWS /D HAVE_GLIBC_BYTESWAP /D "CMAKE_INTDIR=\"Debug\"" /Gm- /EHsc /RTC1 /MDd /GS /fp:precise /Zc:wchar_t /Zc:forScope /Zc:inline /GR /Fo"cmTC_52de0.dir\Debug\\" /Fd"cmTC_52de0.dir\Debug\vc143.pdb" /external:W3 /Gd /TP /errorReport:queue "C:\Users\aa\Documents\Max 8\Packages\ears\source\lib\taglib-1.12-win\build\CMakeFiles\CMakeTmp\src.cxx"
C:\Users\aa\Documents\Max 8\Packages\ears\source\lib\taglib-1.12-win\build\CMakeFiles\CMakeTmp\src.cxx(2,14): fatal error C1083: Cannot open include file: 'byteswap.h': No such file or directory [C:\Users\aa\Documents\Max 8\Packages\ears\source\lib\taglib-1.12-win\build\CMakeFiles\CMakeTmp\cmTC_52de0.vcxproj]


Source file was:

    #include <byteswap.h>
    int main() {
      __bswap_16(0);
      __bswap_32(0);
      __bswap_64(0);
      return 0;
    }
  
Determining if the function __RTTI___ exists in the Crun failed with the following output:
Change Dir: C:/Users/aa/Documents/Max 8/Packages/ears/source/lib/taglib-1.12-win/build/CMakeFiles/CMakeTmp

Run Build Command(s):C:/Program Files/Microsoft Visual Studio/2022/Community/MSBuild/Current/Bin/amd64/MSBuild.exe cmTC_b8abc.vcxproj /p:Configuration=Debug /p:Platform=x64 /p:VisualStudioVersion=17.0 /v:m && Microsoft (R) Build Engine version 17.1.0+ae57d105c for .NET Framework
Copyright (C) Microsoft Corporation. All rights reserved.

  Microsoft (R) C/C++ Optimizing Compiler Version 19.31.31104 for x64
  CheckFunctionExists.c
  Copyright (C) Microsoft Corporation.  All rights reserved.
  cl /c /Zi /W3 /WX- /diagnostics:column /Od /Ob0 /D _MBCS /D WIN32 /D _WINDOWS /D CHECK_FUNCTION_EXISTS=__RTTI___ /D "CMAKE_INTDIR=\"Debug\"" /Gm- /RTC1 /MDd /GS /fp:precise /Zc:wchar_t /Zc:forScope /Zc:inline /Fo"cmTC_b8abc.dir\Debug\\" /Fd"cmTC_b8abc.dir\Debug\vc143.pdb" /external:W3 /Gd /TC /errorReport:queue "C:\Program Files\CMake\share\cmake-3.23\Modules\CheckFunctionExists.c"
LINK : fatal error LNK1104: cannot open file 'Crun.lib' [C:\Users\aa\Documents\Max 8\Packages\ears\source\lib\taglib-1.12-win\build\CMakeFiles\CMakeTmp\cmTC_b8abc.vcxproj]



